<?xml version="1.0" encoding="UTF-8"?>
<testsuite name="com.tikitaka.pickgether.PickgetherApplicationTests" tests="1" skipped="0" failures="0" errors="0" timestamp="2023-02-12T13:52:25" hostname="gimmunseong-ui-MacBookPro.local" time="0.26">
  <properties/>
  <testcase name="contextLoads()" classname="com.tikitaka.pickgether.PickgetherApplicationTests" time="0.26"/>
  <system-out><![CDATA[22:52:09.712 [Test worker] DEBUG org.springframework.test.context.BootstrapUtils - Instantiating CacheAwareContextLoaderDelegate from class [org.springframework.test.context.cache.DefaultCacheAwareContextLoaderDelegate]
22:52:09.727 [Test worker] DEBUG org.springframework.test.context.BootstrapUtils - Instantiating BootstrapContext using constructor [public org.springframework.test.context.support.DefaultBootstrapContext(java.lang.Class,org.springframework.test.context.CacheAwareContextLoaderDelegate)]
22:52:09.782 [Test worker] DEBUG org.springframework.test.context.BootstrapUtils - Instantiating TestContextBootstrapper for test class [com.tikitaka.pickgether.PickgetherApplicationTests] from class [org.springframework.boot.test.context.SpringBootTestContextBootstrapper]
22:52:09.794 [Test worker] INFO org.springframework.boot.test.context.SpringBootTestContextBootstrapper - Neither @ContextConfiguration nor @ContextHierarchy found for test class [com.tikitaka.pickgether.PickgetherApplicationTests], using SpringBootContextLoader
22:52:09.799 [Test worker] DEBUG org.springframework.test.context.support.AbstractContextLoader - Did not detect default resource location for test class [com.tikitaka.pickgether.PickgetherApplicationTests]: class path resource [com/tikitaka/pickgether/PickgetherApplicationTests-context.xml] does not exist
22:52:09.800 [Test worker] DEBUG org.springframework.test.context.support.AbstractContextLoader - Did not detect default resource location for test class [com.tikitaka.pickgether.PickgetherApplicationTests]: class path resource [com/tikitaka/pickgether/PickgetherApplicationTestsContext.groovy] does not exist
22:52:09.800 [Test worker] INFO org.springframework.test.context.support.AbstractContextLoader - Could not detect default resource locations for test class [com.tikitaka.pickgether.PickgetherApplicationTests]: no resource found for suffixes {-context.xml, Context.groovy}.
22:52:09.800 [Test worker] INFO org.springframework.test.context.support.AnnotationConfigContextLoaderUtils - Could not detect default configuration classes for test class [com.tikitaka.pickgether.PickgetherApplicationTests]: PickgetherApplicationTests does not declare any static, non-private, non-final, nested classes annotated with @Configuration.
22:52:09.859 [Test worker] DEBUG org.springframework.test.context.support.ActiveProfilesUtils - Could not find an 'annotation declaring class' for annotation type [org.springframework.test.context.ActiveProfiles] and class [com.tikitaka.pickgether.PickgetherApplicationTests]
22:52:09.922 [Test worker] DEBUG org.springframework.context.annotation.ClassPathScanningCandidateComponentProvider - Identified candidate component class: file [/Users/moonsung/coding/pickgether/pickgether/build/classes/java/main/com/tikitaka/pickgether/PickgetherApplication.class]
22:52:09.924 [Test worker] INFO org.springframework.boot.test.context.SpringBootTestContextBootstrapper - Found @SpringBootConfiguration com.tikitaka.pickgether.PickgetherApplication for test class com.tikitaka.pickgether.PickgetherApplicationTests
22:52:10.046 [Test worker] DEBUG org.springframework.boot.test.context.SpringBootTestContextBootstrapper - @TestExecutionListeners is not present for class [com.tikitaka.pickgether.PickgetherApplicationTests]: using defaults.
22:52:10.046 [Test worker] INFO org.springframework.boot.test.context.SpringBootTestContextBootstrapper - Loaded default TestExecutionListener class names from location [META-INF/spring.factories]: [org.springframework.boot.test.autoconfigure.restdocs.RestDocsTestExecutionListener, org.springframework.boot.test.autoconfigure.web.client.MockRestServiceServerResetTestExecutionListener, org.springframework.boot.test.autoconfigure.web.servlet.MockMvcPrintOnlyOnFailureTestExecutionListener, org.springframework.boot.test.autoconfigure.web.servlet.WebDriverTestExecutionListener, org.springframework.boot.test.autoconfigure.webservices.client.MockWebServiceServerTestExecutionListener, org.springframework.boot.test.mock.mockito.MockitoTestExecutionListener, org.springframework.boot.test.mock.mockito.ResetMocksTestExecutionListener, org.springframework.test.context.web.ServletTestExecutionListener, org.springframework.test.context.support.DirtiesContextBeforeModesTestExecutionListener, org.springframework.test.context.event.ApplicationEventsTestExecutionListener, org.springframework.test.context.support.DependencyInjectionTestExecutionListener, org.springframework.test.context.support.DirtiesContextTestExecutionListener, org.springframework.test.context.transaction.TransactionalTestExecutionListener, org.springframework.test.context.jdbc.SqlScriptsTestExecutionListener, org.springframework.test.context.event.EventPublishingTestExecutionListener]
22:52:10.061 [Test worker] INFO org.springframework.boot.test.context.SpringBootTestContextBootstrapper - Using TestExecutionListeners: [org.springframework.test.context.web.ServletTestExecutionListener@d816dde, org.springframework.test.context.support.DirtiesContextBeforeModesTestExecutionListener@6e33c391, org.springframework.test.context.event.ApplicationEventsTestExecutionListener@6c451c9c, org.springframework.boot.test.mock.mockito.MockitoTestExecutionListener@31c269fd, org.springframework.boot.test.autoconfigure.SpringBootDependencyInjectionTestExecutionListener@372b0d86, org.springframework.test.context.support.DirtiesContextTestExecutionListener@47747fb9, org.springframework.test.context.transaction.TransactionalTestExecutionListener@3113a37, org.springframework.test.context.jdbc.SqlScriptsTestExecutionListener@213e3629, org.springframework.test.context.event.EventPublishingTestExecutionListener@4e9658b5, org.springframework.boot.test.autoconfigure.restdocs.RestDocsTestExecutionListener@2a7b6f69, org.springframework.boot.test.autoconfigure.web.client.MockRestServiceServerResetTestExecutionListener@20312893, org.springframework.boot.test.autoconfigure.web.servlet.MockMvcPrintOnlyOnFailureTestExecutionListener@70eecdc2, org.springframework.boot.test.autoconfigure.web.servlet.WebDriverTestExecutionListener@c41709a, org.springframework.boot.test.autoconfigure.webservices.client.MockWebServiceServerTestExecutionListener@7db0565c, org.springframework.boot.test.mock.mockito.ResetMocksTestExecutionListener@54ec8cc9]
22:52:10.065 [Test worker] DEBUG org.springframework.test.context.support.AbstractDirtiesContextTestExecutionListener - Before test class: context [DefaultTestContext@1fe8d51b testClass = PickgetherApplicationTests, testInstance = [null], testMethod = [null], testException = [null], mergedContextConfiguration = [WebMergedContextConfiguration@781e7326 testClass = PickgetherApplicationTests, locations = '{}', classes = '{class com.tikitaka.pickgether.PickgetherApplication}', contextInitializerClasses = '[]', activeProfiles = '{}', propertySourceLocations = '{}', propertySourceProperties = '{org.springframework.boot.test.context.SpringBootTestContextBootstrapper=true}', contextCustomizers = set[org.springframework.boot.test.autoconfigure.actuate.metrics.MetricsExportContextCustomizerFactory$DisableMetricExportContextCustomizer@6da00fb9, org.springframework.boot.test.autoconfigure.properties.PropertyMappingContextCustomizer@0, org.springframework.boot.test.autoconfigure.web.servlet.WebDriverContextCustomizerFactory$Customizer@68b6f0d6, org.springframework.boot.test.context.filter.ExcludeFilterContextCustomizer@3b7ff809, org.springframework.boot.test.json.DuplicateJsonObjectContextCustomizerFactory$DuplicateJsonObjectContextCustomizer@3f792b9b, org.springframework.boot.test.mock.mockito.MockitoContextCustomizer@0, org.springframework.boot.test.web.client.TestRestTemplateContextCustomizer@2bd2b28e, org.springframework.boot.test.context.SpringBootTestArgs@1, org.springframework.boot.test.context.SpringBootTestWebEnvironment@2c78324b], resourceBasePath = 'src/main/webapp', contextLoader = 'org.springframework.boot.test.context.SpringBootContextLoader', parent = [null]], attributes = map['org.springframework.test.context.web.ServletTestExecutionListener.activateListener' -> true]], class annotated with @DirtiesContext [false] with mode [null].

  .   ____          _            __ _ _
 /\\ / ___'_ __ _ _(_)_ __  __ _ \ \ \ \
( ( )\___ | '_ | '_| | '_ \/ _` | \ \ \ \
 \\/  ___)| |_)| | | | | || (_| |  ) ) ) )
  '  |____| .__|_| |_|_| |_\__, | / / / /
 =========|_|==============|___/=/_/_/_/
 :: Spring Boot ::                (v2.6.7)

2023-02-12 22:52:10.984  INFO 75714 --- [    Test worker] c.t.p.PickgetherApplicationTests         : Starting PickgetherApplicationTests using Java 11.0.15 on gimmunseong-ui-MacBookPro.local with PID 75714 (started by moonsung in /Users/moonsung/coding/pickgether/pickgether)
2023-02-12 22:52:10.986  INFO 75714 --- [    Test worker] c.t.p.PickgetherApplicationTests         : No active profile set, falling back to 1 default profile: "default"
2023-02-12 22:52:12.176  INFO 75714 --- [    Test worker] .s.d.r.c.RepositoryConfigurationDelegate : Bootstrapping Spring Data JPA repositories in DEFAULT mode.
2023-02-12 22:52:12.198  INFO 75714 --- [    Test worker] .s.d.r.c.RepositoryConfigurationDelegate : Finished Spring Data repository scanning in 15 ms. Found 0 JPA repository interfaces.
2023-02-12 22:52:13.187  INFO 75714 --- [    Test worker] com.zaxxer.hikari.HikariDataSource       : HikariPool-1 - Starting...
2023-02-12 22:52:13.270  INFO 75714 --- [    Test worker] o.t.d.DockerClientProviderStrategy       : Loaded org.testcontainers.dockerclient.UnixSocketClientProviderStrategy from ~/.testcontainers.properties, will try it first
2023-02-12 22:52:14.459  INFO 75714 --- [    Test worker] o.t.d.DockerClientProviderStrategy       : Found Docker environment with local Unix socket (unix:///var/run/docker.sock)
2023-02-12 22:52:14.466  INFO 75714 --- [    Test worker] org.testcontainers.DockerClientFactory   : Docker host IP address is localhost
2023-02-12 22:52:14.541  INFO 75714 --- [    Test worker] org.testcontainers.DockerClientFactory   : Connected to docker: 
  Server Version: 20.10.22
  API Version: 1.41
  Operating System: Docker Desktop
  Total Memory: 7851 MB
2023-02-12 22:52:14.544  INFO 75714 --- [    Test worker] o.t.utility.ImageNameSubstitutor         : Image name substitution will be performed by: DefaultImageNameSubstitutor (composite of 'ConfigurationFileImageNameSubstitutor' and 'PrefixingImageNameSubstitutor')
2023-02-12 22:52:15.659  INFO 75714 --- [    Test worker] org.testcontainers.DockerClientFactory   : Ryuk started - will monitor and terminate Testcontainers containers on JVM exit
2023-02-12 22:52:15.660  INFO 75714 --- [    Test worker] org.testcontainers.DockerClientFactory   : Checking the system...
2023-02-12 22:52:15.661  INFO 75714 --- [    Test worker] org.testcontainers.DockerClientFactory   : ✔︎ Docker server version should be at least 1.6.0
2023-02-12 22:52:15.736  INFO 75714 --- [    Test worker] org.testcontainers.DockerClientFactory   : ✔︎ Docker environment should have more than 2GB free disk space
2023-02-12 22:52:15.777  INFO 75714 --- [    Test worker] ]]>&#x1f433;<![CDATA[ [mysql:8]                             : Creating container for image: mysql:8
2023-02-12 22:52:15.894  INFO 75714 --- [    Test worker] ]]>&#x1f433;<![CDATA[ [mysql:8]                             : Starting container with ID: 50b470c4cf27415a90a26d6b19d68363955b76b0658e6959a111f73b5d274040
2023-02-12 22:52:16.096  INFO 75714 --- [    Test worker] ]]>&#x1f433;<![CDATA[ [mysql:8]                             : Container mysql:8 is starting: 50b470c4cf27415a90a26d6b19d68363955b76b0658e6959a111f73b5d274040
2023-02-12 22:52:16.117  INFO 75714 --- [    Test worker] ]]>&#x1f433;<![CDATA[ [mysql:8]                             : Waiting for database connection to become available at jdbc:mysql://localhost:32776/test using query 'SELECT 1'
2023-02-12 22:52:23.126  INFO 75714 --- [    Test worker] ]]>&#x1f433;<![CDATA[ [mysql:8]                             : Container is started (JDBC URL: jdbc:mysql://localhost:32776/test)
2023-02-12 22:52:23.128  INFO 75714 --- [    Test worker] ]]>&#x1f433;<![CDATA[ [mysql:8]                             : Container mysql:8 started in PT7.38158S
2023-02-12 22:52:23.160  INFO 75714 --- [    Test worker] com.zaxxer.hikari.HikariDataSource       : HikariPool-1 - Start completed.
2023-02-12 22:52:23.362  INFO 75714 --- [    Test worker] o.hibernate.jpa.internal.util.LogHelper  : HHH000204: Processing PersistenceUnitInfo [name: default]
2023-02-12 22:52:23.419  INFO 75714 --- [    Test worker] org.hibernate.Version                    : HHH000412: Hibernate ORM core version 5.6.8.Final
2023-02-12 22:52:23.601  INFO 75714 --- [    Test worker] o.hibernate.annotations.common.Version   : HCANN000001: Hibernate Commons Annotations {5.1.2.Final}
2023-02-12 22:52:23.713  INFO 75714 --- [    Test worker] org.hibernate.dialect.Dialect            : HHH000400: Using dialect: org.hibernate.dialect.MySQL8Dialect
2023-02-12 22:52:23.965  INFO 75714 --- [    Test worker] o.h.e.t.j.p.i.JtaPlatformInitiator       : HHH000490: Using JtaPlatform implementation: [org.hibernate.engine.transaction.jta.platform.internal.NoJtaPlatform]
2023-02-12 22:52:23.976  INFO 75714 --- [    Test worker] j.LocalContainerEntityManagerFactoryBean : Initialized JPA EntityManagerFactory for persistence unit 'default'
2023-02-12 22:52:24.403  WARN 75714 --- [    Test worker] JpaBaseConfiguration$JpaWebConfiguration : spring.jpa.open-in-view is enabled by default. Therefore, database queries may be performed during view rendering. Explicitly configure spring.jpa.open-in-view to disable this warning
2023-02-12 22:52:24.828  INFO 75714 --- [    Test worker] o.s.b.a.w.s.WelcomePageHandlerMapping    : Adding welcome page: class path resource [static/index.html]
2023-02-12 22:52:25.226  INFO 75714 --- [    Test worker] c.t.p.PickgetherApplicationTests         : Started PickgetherApplicationTests in 15.109 seconds (JVM running for 16.85)
]]></system-out>
  <system-err><![CDATA[]]></system-err>
</testsuite>
